Determining if the pthread_create exist failed with the following output:
Change Dir: /home/ubuntu/workSpace/janus-gateway/media-gateway/build/CMakeFiles/CMakeTmp

Run Build Command:"/usr/bin/make" "cmTC_3e5ed/fast"
/usr/bin/make -f CMakeFiles/cmTC_3e5ed.dir/build.make CMakeFiles/cmTC_3e5ed.dir/build
make[1]: Entering directory '/home/ubuntu/workSpace/janus-gateway/media-gateway/build/CMakeFiles/CMakeTmp'
Building C object CMakeFiles/cmTC_3e5ed.dir/CheckSymbolExists.c.o
/usr/bin/cc    -o CMakeFiles/cmTC_3e5ed.dir/CheckSymbolExists.c.o   -c /home/ubuntu/workSpace/janus-gateway/media-gateway/build/CMakeFiles/CMakeTmp/CheckSymbolExists.c
Linking C executable cmTC_3e5ed
/usr/bin/cmake -E cmake_link_script CMakeFiles/cmTC_3e5ed.dir/link.txt --verbose=1
/usr/bin/cc      CMakeFiles/cmTC_3e5ed.dir/CheckSymbolExists.c.o  -o cmTC_3e5ed 
CMakeFiles/cmTC_3e5ed.dir/CheckSymbolExists.c.o: In function `main':
CheckSymbolExists.c:(.text+0x1b): undefined reference to `pthread_create'
collect2: error: ld returned 1 exit status
CMakeFiles/cmTC_3e5ed.dir/build.make:97: recipe for target 'cmTC_3e5ed' failed
make[1]: *** [cmTC_3e5ed] Error 1
make[1]: Leaving directory '/home/ubuntu/workSpace/janus-gateway/media-gateway/build/CMakeFiles/CMakeTmp'
Makefile:126: recipe for target 'cmTC_3e5ed/fast' failed
make: *** [cmTC_3e5ed/fast] Error 2

File /home/ubuntu/workSpace/janus-gateway/media-gateway/build/CMakeFiles/CMakeTmp/CheckSymbolExists.c:
/* */
#include <pthread.h>

int main(int argc, char** argv)
{
  (void)argv;
#ifndef pthread_create
  return ((int*)(&pthread_create))[argc];
#else
  (void)argc;
  return 0;
#endif
}

Determining if the function pthread_create exists in the pthreads failed with the following output:
Change Dir: /home/ubuntu/workSpace/janus-gateway/media-gateway/build/CMakeFiles/CMakeTmp

Run Build Command:"/usr/bin/make" "cmTC_e5ffd/fast"
/usr/bin/make -f CMakeFiles/cmTC_e5ffd.dir/build.make CMakeFiles/cmTC_e5ffd.dir/build
make[1]: Entering directory '/home/ubuntu/workSpace/janus-gateway/media-gateway/build/CMakeFiles/CMakeTmp'
Building C object CMakeFiles/cmTC_e5ffd.dir/CheckFunctionExists.c.o
/usr/bin/cc   -DCHECK_FUNCTION_EXISTS=pthread_create   -o CMakeFiles/cmTC_e5ffd.dir/CheckFunctionExists.c.o   -c /usr/share/cmake-3.10/Modules/CheckFunctionExists.c
Linking C executable cmTC_e5ffd
/usr/bin/cmake -E cmake_link_script CMakeFiles/cmTC_e5ffd.dir/link.txt --verbose=1
/usr/bin/cc  -DCHECK_FUNCTION_EXISTS=pthread_create    CMakeFiles/cmTC_e5ffd.dir/CheckFunctionExists.c.o  -o cmTC_e5ffd -lpthreads 
/usr/bin/ld: cannot find -lpthreads
collect2: error: ld returned 1 exit status
CMakeFiles/cmTC_e5ffd.dir/build.make:97: recipe for target 'cmTC_e5ffd' failed
make[1]: *** [cmTC_e5ffd] Error 1
make[1]: Leaving directory '/home/ubuntu/workSpace/janus-gateway/media-gateway/build/CMakeFiles/CMakeTmp'
Makefile:126: recipe for target 'cmTC_e5ffd/fast' failed
make: *** [cmTC_e5ffd/fast] Error 2


